<?xml version="1.0" encoding="UTF-8" standalone="no"?>
<!DOCTYPE log SYSTEM "logger.dtd">
<log>
<record>
  <date>2017-06-21T16:32:03.233-0300</date>
  <logger>LUIS HENRIQUE RAMOS CAMPOSDA SILVA</logger>
  <level>FINE</level>
  <message>File 116110916-LUIS HENRIQUE RAMOS CAMPOSDA SILVA.zip was received. It was sent by LUIS HENRIQUE RAMOS CAMPOSDA SILVA from IP 192.168.25.9</message>
</record>
</log>
<?xml version="1.0" encoding="UTF-8" standalone="no"?>
<!DOCTYPE log SYSTEM "logger.dtd">
<log>
<record>
  <date>2017-06-22T09:55:46.570-0300</date>
  <logger>LUIS HENRIQUE RAMOS CAMPOSDA SILVA</logger>
  <level>FINE</level>
  <message>File 116110916-LUIS HENRIQUE RAMOS CAMPOSDA SILVA.zip was received. It was sent by LUIS HENRIQUE RAMOS CAMPOSDA SILVA from IP 127.0.1.1</message>
</record>
</log>
<?xml version="1.0" encoding="UTF-8" standalone="no"?>
<!DOCTYPE log SYSTEM "logger.dtd">
<log>
<record>
  <date>2017-06-22T17:52:12.519-0300</date>
  <logger>LUIS HENRIQUE RAMOS CAMPOSDA SILVA</logger>
  <level>FINE</level>
  <message>File 116110916-LUIS HENRIQUE RAMOS CAMPOSDA SILVA.zip was received. It was sent by LUIS HENRIQUE RAMOS CAMPOSDA SILVA from IP 127.0.1.1</message>
</record>
</log>
<?xml version="1.0" encoding="UTF-8" standalone="no"?>
<!DOCTYPE log SYSTEM "logger.dtd">
<log>
<record>
  <date>2017-06-23T00:26:59.873-0300</date>
  <logger>LUIS HENRIQUE RAMOS CAMPOSDA SILVA</logger>
  <level>FINE</level>
  <message>File 116110916-LUIS HENRIQUE RAMOS CAMPOSDA SILVA.zip was received. It was sent by LUIS HENRIQUE RAMOS CAMPOSDA SILVA from IP 192.168.25.9</message>
</record>
