<?xml version="1.0" encoding="UTF-8" standalone="no"?>
<!DOCTYPE log SYSTEM "logger.dtd">
<log>
<record>
  <date>2017-06-14T16:23:24.485-0300</date>
  <logger>LUIS HENRIQUE RAMOS CAMPOSDA SILVA</logger>
  <level>FINE</level>
  <message>File 116110916-LUIS HENRIQUE RAMOS CAMPOSDA SILVA.zip was received. It was sent by LUIS HENRIQUE RAMOS CAMPOSDA SILVA from IP 192.168.25.9</message>
</record>
</log>
<?xml version="1.0" encoding="UTF-8" standalone="no"?>
<!DOCTYPE log SYSTEM "logger.dtd">
<log>
<record>
  <date>2017-06-14T21:35:57.881-0300</date>
  <logger>LUIS HENRIQUE RAMOS CAMPOSDA SILVA</logger>
  <level>FINE</level>
  <message>File 116110916-LUIS HENRIQUE RAMOS CAMPOSDA SILVA.zip was received. It was sent by LUIS HENRIQUE RAMOS CAMPOSDA SILVA from IP 192.168.25.9</message>
</record>
</log>
<?xml version="1.0" encoding="UTF-8" standalone="no"?>
<!DOCTYPE log SYSTEM "logger.dtd">
<log>
<record>
  <date>2017-06-15T01:27:03.507-0300</date>
  <logger>LUIS HENRIQUE RAMOS CAMPOSDA SILVA</logger>
  <level>FINE</level>
  <message>File 116110916-LUIS HENRIQUE RAMOS CAMPOSDA SILVA.zip was received. It was sent by LUIS HENRIQUE RAMOS CAMPOSDA SILVA from IP 192.168.25.9</message>
</record>
